<?xml version="1.0" encoding="UTF-8"?>
<testng-results skipped="0" failed="0" ignored="0" total="1" passed="1">
  <reporter-output>
  </reporter-output>
  <suite name="Default suite" duration-ms="88101" started-at="2021-04-18T12:54:51 EDT" finished-at="2021-04-18T12:56:19 EDT">
    <groups>
    </groups>
    <test name="Default test" duration-ms="88101" started-at="2021-04-18T12:54:51 EDT" finished-at="2021-04-18T12:56:19 EDT">
      <class name="testCases.Delete">
        <test-method status="PASS" signature="delete()[pri:0, instance:testCases.Delete@1786dec2]" name="delete" duration-ms="86271" started-at="2021-04-18T12:54:52 EDT" finished-at="2021-04-18T12:56:18 EDT">
          <reporter-output>
          </reporter-output>
        </test-method> <!-- delete -->
      </class> <!-- testCases.Delete -->
    </test> <!-- Default test -->
  </suite> <!-- Default suite -->
</testng-results>
